2009.04.10 16:03 B U:\website\EN_site\schema\TRI\4\0\SC_ChemicalSubstanceIdentity_v1.0.xsd --> ftp.exchangenetwork.net /www/schema/TRI/4/0 SC_ChemicalSubstanceIdentity_v1.0.xsd
2009.04.10 16:03 B U:\website\EN_site\schema\TRI\4\0\SC_CoordinateDataSource_v1.0.xsd --> ftp.exchangenetwork.net /www/schema/TRI/4/0 SC_CoordinateDataSource_v1.0.xsd
2009.04.10 16:03 B U:\website\EN_site\schema\TRI\4\0\SC_CountryIdentity_v1.0.xsd --> ftp.exchangenetwork.net /www/schema/TRI/4/0 SC_CountryIdentity_v1.0.xsd
2009.04.10 16:03 B U:\website\EN_site\schema\TRI\4\0\SC_CountyIdentity_v1.0.xsd --> ftp.exchangenetwork.net /www/schema/TRI/4/0 SC_CountyIdentity_v1.0.xsd
2009.04.10 16:03 B U:\website\EN_site\schema\TRI\4\0\SC_ElectronicAddress_v1.0.xsd --> ftp.exchangenetwork.net /www/schema/TRI/4/0 SC_ElectronicAddress_v1.0.xsd
2009.04.10 16:03 B U:\website\EN_site\schema\TRI\4\0\SC_GeographicLocationDescription_v1.0.xsd --> ftp.exchangenetwork.net /www/schema/TRI/4/0 SC_GeographicLocationDescription_v1.0.xsd
2009.04.10 16:03 B U:\website\EN_site\schema\TRI\4\0\SC_GeographicReferenceDatum_v1.0.xsd --> ftp.exchangenetwork.net /www/schema/TRI/4/0 SC_GeographicReferenceDatum_v1.0.xsd
2009.04.10 16:03 B U:\website\EN_site\schema\TRI\4\0\SC_GeographicReferencePoint_v1.0.xsd --> ftp.exchangenetwork.net /www/schema/TRI/4/0 SC_GeographicReferencePoint_v1.0.xsd
2009.04.10 16:03 B U:\website\EN_site\schema\TRI\4\0\SC_GeometricType_v1.0.xsd --> ftp.exchangenetwork.net /www/schema/TRI/4/0 SC_GeometricType_v1.0.xsd
2009.04.10 16:03 B U:\website\EN_site\schema\TRI\4\0\SC_IndividualIdentity_v1.0.xsd --> ftp.exchangenetwork.net /www/schema/TRI/4/0 SC_IndividualIdentity_v1.0.xsd
2009.04.10 16:03 B U:\website\EN_site\schema\TRI\4\0\SC_LocationAddress_v1.0.xsd --> ftp.exchangenetwork.net /www/schema/TRI/4/0 SC_LocationAddress_v1.0.xsd
2009.04.10 16:03 B U:\website\EN_site\schema\TRI\4\0\SC_MailingAddress_v1.0.xsd --> ftp.exchangenetwork.net /www/schema/TRI/4/0 SC_MailingAddress_v1.0.xsd
2009.04.10 16:03 B U:\website\EN_site\schema\TRI\4\0\SC_Measure_v1.0.xsd --> ftp.exchangenetwork.net /www/schema/TRI/4/0 SC_Measure_v1.0.xsd
2009.04.10 16:03 B U:\website\EN_site\schema\TRI\4\0\SC_MeasureUnit_v1.0.xsd --> ftp.exchangenetwork.net /www/schema/TRI/4/0 SC_MeasureUnit_v1.0.xsd
2009.04.10 16:03 B U:\website\EN_site\schema\TRI\4\0\SC_ReferenceMethod_v1.0.xsd --> ftp.exchangenetwork.net /www/schema/TRI/4/0 SC_ReferenceMethod_v1.0.xsd
2009.04.10 16:03 B U:\website\EN_site\schema\TRI\4\0\SC_ReportType_v1.0.xsd --> ftp.exchangenetwork.net /www/schema/TRI/4/0 SC_ReportType_v1.0.xsd
2009.04.10 16:03 B U:\website\EN_site\schema\TRI\4\0\SC_ResultQualifier_v1.0.xsd --> ftp.exchangenetwork.net /www/schema/TRI/4/0 SC_ResultQualifier_v1.0.xsd
2009.04.10 16:03 B U:\website\EN_site\schema\TRI\4\0\SC_SimpleContent_v1.0.xsd --> ftp.exchangenetwork.net /www/schema/TRI/4/0 SC_SimpleContent_v1.0.xsd
2009.04.10 16:03 B U:\website\EN_site\schema\TRI\4\0\SC_StateIdentity_v1.0.xsd --> ftp.exchangenetwork.net /www/schema/TRI/4/0 SC_StateIdentity_v1.0.xsd
2009.04.10 16:03 B U:\website\EN_site\schema\TRI\4\0\SC_TribalIdentity_v1.0.xsd --> ftp.exchangenetwork.net /www/schema/TRI/4/0 SC_TribalIdentity_v1.0.xsd
2009.04.10 16:03 B U:\website\EN_site\schema\TRI\4\0\TRI_ChemicalActivity_v4.0.xsd --> ftp.exchangenetwork.net /www/schema/TRI/4/0 TRI_ChemicalActivity_v4.0.xsd
2009.04.10 16:03 B U:\website\EN_site\schema\TRI\4\0\TRI_ChemicalIdentification_v4.0.xsd --> ftp.exchangenetwork.net /www/schema/TRI/4/0 TRI_ChemicalIdentification_v4.0.xsd
2009.04.10 16:03 B U:\website\EN_site\schema\TRI\4\0\TRI_Facility_v4.0.xsd --> ftp.exchangenetwork.net /www/schema/TRI/4/0 TRI_Facility_v4.0.xsd
2009.04.10 16:03 B U:\website\EN_site\schema\TRI\4\0\TRI_GeographicLocationDescription_v4.0.xsd --> ftp.exchangenetwork.net /www/schema/TRI/4/0 TRI_GeographicLocationDescription_v4.0.xsd
2009.04.10 16:03 B U:\website\EN_site\schema\TRI\4\0\TRI_MailingAddress_v4.0.xsd --> ftp.exchangenetwork.net /www/schema/TRI/4/0 TRI_MailingAddress_v4.0.xsd
2009.04.10 16:03 B U:\website\EN_site\schema\TRI\4\0\TRI_OnsiteRecoveryProcesses_v4.0.xsd --> ftp.exchangenetwork.net /www/schema/TRI/4/0 TRI_OnsiteRecoveryProcesses_v4.0.xsd
2009.04.10 16:03 B U:\website\EN_site\schema\TRI\4\0\TRI_OnsiteRecyclingProcesses_v4.0.xsd --> ftp.exchangenetwork.net /www/schema/TRI/4/0 TRI_OnsiteRecyclingProcesses_v4.0.xsd
2009.04.10 16:03 B U:\website\EN_site\schema\TRI\4\0\TRI_OnsiteReleaseQuantity_v4.0.xsd --> ftp.exchangenetwork.net /www/schema/TRI/4/0 TRI_OnsiteReleaseQuantity_v4.0.xsd
2009.04.10 16:03 B U:\website\EN_site\schema\TRI\4\0\TRI_Report_v4.0.xsd --> ftp.exchangenetwork.net /www/schema/TRI/4/0 TRI_Report_v4.0.xsd
2009.04.10 16:03 B U:\website\EN_site\schema\TRI\4\0\TRI_ReportMetaData_v4.0.xsd --> ftp.exchangenetwork.net /www/schema/TRI/4/0 TRI_ReportMetaData_v4.0.xsd
2009.04.10 16:03 B U:\website\EN_site\schema\TRI\4\0\TRI_ReportType_v4.0.xsd --> ftp.exchangenetwork.net /www/schema/TRI/4/0 TRI_ReportType_v4.0.xsd
2009.04.10 16:03 B U:\website\EN_site\schema\TRI\4\0\TRI_ReportValidation_v4.0.xsd --> ftp.exchangenetwork.net /www/schema/TRI/4/0 TRI_ReportValidation_v4.0.xsd
2009.04.10 16:03 B U:\website\EN_site\schema\TRI\4\0\TRI_SharedComponents_v4.0.xsd --> ftp.exchangenetwork.net /www/schema/TRI/4/0 TRI_SharedComponents_v4.0.xsd
2009.04.10 16:03 B U:\website\EN_site\schema\TRI\4\0\TRI_SharedTypes_v4.0.xsd --> ftp.exchangenetwork.net /www/schema/TRI/4/0 TRI_SharedTypes_v4.0.xsd
2009.04.10 16:03 B U:\website\EN_site\schema\TRI\4\0\TRI_SourceReductionActivity_v4.0.xsd --> ftp.exchangenetwork.net /www/schema/TRI/4/0 TRI_SourceReductionActivity_v4.0.xsd
2009.04.10 16:03 B U:\website\EN_site\schema\TRI\4\0\TRI_SourceReductionQuantity_v4.0.xsd --> ftp.exchangenetwork.net /www/schema/TRI/4/0 TRI_SourceReductionQuantity_v4.0.xsd
2009.04.10 16:03 B U:\website\EN_site\schema\TRI\4\0\TRI_ToxicEqivalencyIdentification_v4.0.xsd --> ftp.exchangenetwork.net /www/schema/TRI/4/0 TRI_ToxicEqivalencyIdentification_v4.0.xsd
2009.04.10 16:03 B U:\website\EN_site\schema\TRI\4\0\TRI_TransferLocation_v4.0.xsd --> ftp.exchangenetwork.net /www/schema/TRI/4/0 TRI_TransferLocation_v4.0.xsd
2009.04.10 16:03 B U:\website\EN_site\schema\TRI\4\0\TRI_TransferQuantity_v4.0.xsd --> ftp.exchangenetwork.net /www/schema/TRI/4/0 TRI_TransferQuantity_v4.0.xsd
2009.04.10 16:03 B U:\website\EN_site\schema\TRI\4\0\TRI_TRI_v4.0.xsd --> ftp.exchangenetwork.net /www/schema/TRI/4/0 TRI_TRI_v4.0.xsd
2009.04.10 16:03 B U:\website\EN_site\schema\TRI\4\0\TRI_WasteTreatmentDetails_v4.0.xsd --> ftp.exchangenetwork.net /www/schema/TRI/4/0 TRI_WasteTreatmentDetails_v4.0.xsd
2009.04.10 16:03 B U:\website\EN_site\schema\TRI\4\0\TRI_WasteTreatmentMethod_v4.0.xsd --> ftp.exchangenetwork.net /www/schema/TRI/4/0 TRI_WasteTreatmentMethod_v4.0.xsd
2009.04.10 16:03 B U:\website\EN_site\schema\TRI\4\0\TRI_WaterStream_v4.0.xsd --> ftp.exchangenetwork.net /www/schema/TRI/4/0 TRI_WaterStream_v4.0.xsd
